{"total": {"lines":{"total":125,"covered":125,"skipped":0,"pct":100},"statements":{"total":152,"covered":149,"skipped":0,"pct":98.02},"functions":{"total":29,"covered":29,"skipped":0,"pct":100},"branches":{"total":91,"covered":87,"skipped":0,"pct":95.6},"branchesTrue":{"total":0,"covered":0,"skipped":0,"pct":100}}
,"C:\\Users\\hp\\OneDrive\\Desktop\\EcoSphereAI\\EcoSphere-AI\\src\\actions\\auth.ts": {"lines":{"total":16,"covered":16,"skipped":0,"pct":100},"functions":{"total":1,"covered":1,"skipped":0,"pct":100},"statements":{"total":16,"covered":16,"skipped":0,"pct":100},"branches":{"total":4,"covered":4,"skipped":0,"pct":100}}
,"C:\\Users\\hp\\OneDrive\\Desktop\\EcoSphereAI\\EcoSphere-AI\\src\\lib\\calculator.ts": {"lines":{"total":30,"covered":30,"skipped":0,"pct":100},"functions":{"total":4,"covered":4,"skipped":0,"pct":100},"statements":{"total":38,"covered":38,"skipped":0,"pct":100},"branches":{"total":31,"covered":31,"skipped":0,"pct":100}}
,"C:\\Users\\hp\\OneDrive\\Desktop\\EcoSphereAI\\EcoSphere-AI\\src\\lib\\gamification.ts": {"lines":{"total":14,"covered":14,"skipped":0,"pct":100},"functions":{"total":2,"covered":2,"skipped":0,"pct":100},"statements":{"total":15,"covered":15,"skipped":0,"pct":100},"branches":{"total":7,"covered":7,"skipped":0,"pct":100}}
,"C:\\Users\\hp\\OneDrive\\Desktop\\EcoSphereAI\\EcoSphere-AI\\src\\lib\\utils.ts": {"lines":{"total":62,"covered":62,"skipped":0,"pct":100},"functions":{"total":22,"covered":22,"skipped":0,"pct":100},"statements":{"total":80,"covered":77,"skipped":0,"pct":96.25},"branches":{"total":49,"covered":45,"skipped":0,"pct":91.83}}
,"C:\\Users\\hp\\OneDrive\\Desktop\\EcoSphereAI\\EcoSphere-AI\\src\\lib\\validators.ts": {"lines":{"total":3,"covered":3,"skipped":0,"pct":100},"functions":{"total":0,"covered":0,"skipped":0,"pct":100},"statements":{"total":3,"covered":3,"skipped":0,"pct":100},"branches":{"total":0,"covered":0,"skipped":0,"pct":100}}
}
