{"C:\\Users\\hp\\OneDrive\\Desktop\\EcoSphereAI\\EcoSphere-AI\\src\\actions\\auth.ts": {"path":"C:\\Users\\hp\\OneDrive\\Desktop\\EcoSphereAI\\EcoSphere-AI\\src\\actions\\auth.ts","statementMap":{"0":{"start":{"line":1,"column":0},"end":{"line":1,"column":null}},"1":{"start":{"line":12,"column":23},"end":{"line":16,"column":null}},"2":{"start":{"line":25,"column":2},"end":{"line":64,"column":null}},"3":{"start":{"line":26,"column":20},"end":{"line":26,"column":null}},"4":{"start":{"line":27,"column":26},"end":{"line":27,"column":null}},"5":{"start":{"line":29,"column":4},"end":{"line":34,"column":null}},"6":{"start":{"line":30,"column":6},"end":{"line":33,"column":null}},"7":{"start":{"line":36,"column":38},"end":{"line":36,"column":null}},"8":{"start":{"line":39,"column":25},"end":{"line":41,"column":null}},"9":{"start":{"line":43,"column":4},"end":{"line":45,"column":null}},"10":{"start":{"line":44,"column":6},"end":{"line":44,"column":null}},"11":{"start":{"line":48,"column":27},"end":{"line":48,"column":null}},"12":{"start":{"line":51,"column":4},"end":{"line":58,"column":null}},"13":{"start":{"line":60,"column":4},"end":{"line":60,"column":null}},"14":{"start":{"line":62,"column":4},"end":{"line":62,"column":null}},"15":{"start":{"line":63,"column":4},"end":{"line":63,"column":null}}},"fnMap":{"0":{"name":"registerUser","decl":{"start":{"line":24,"column":22},"end":{"line":24,"column":35}},"loc":{"start":{"line":24,"column":55},"end":{"line":65,"column":null}},"line":24}},"branchMap":{"0":{"loc":{"start":{"line":29,"column":4},"end":{"line":34,"column":null}},"type":"if","locations":[{"start":{"line":29,"column":4},"end":{"line":34,"column":null}},{"start":{},"end":{}}],"line":29},"1":{"loc":{"start":{"line":43,"column":4},"end":{"line":45,"column":null}},"type":"if","locations":[{"start":{"line":43,"column":4},"end":{"line":45,"column":null}},{"start":{},"end":{}}],"line":43}},"s":{"0":1,"1":1,"2":4,"3":4,"4":4,"5":4,"6":1,"7":3,"8":3,"9":2,"10":1,"11":1,"12":1,"13":1,"14":1,"15":1},"f":{"0":4},"b":{"0":[1,3],"1":[1,1]},"meta":{"lastBranch":2,"lastFunction":1,"lastStatement":16,"seen":{"s:1:0:1:Infinity":0,"s:12:23:16:Infinity":1,"f:24:22:24:35":0,"s:25:2:64:Infinity":2,"s:26:20:26:Infinity":3,"s:27:26:27:Infinity":4,"b:29:4:34:Infinity:undefined:undefined:undefined:undefined":0,"s:29:4:34:Infinity":5,"s:30:6:33:Infinity":6,"s:36:38:36:Infinity":7,"s:39:25:41:Infinity":8,"b:43:4:45:Infinity:undefined:undefined:undefined:undefined":1,"s:43:4:45:Infinity":9,"s:44:6:44:Infinity":10,"s:48:27:48:Infinity":11,"s:51:4:58:Infinity":12,"s:60:4:60:Infinity":13,"s:62:4:62:Infinity":14,"s:63:4:63:Infinity":15},"fnNames":{}}}
,"C:\\Users\\hp\\OneDrive\\Desktop\\EcoSphereAI\\EcoSphere-AI\\src\\lib\\calculator.ts": {"path":"C:\\Users\\hp\\OneDrive\\Desktop\\EcoSphereAI\\EcoSphere-AI\\src\\lib\\calculator.ts","statementMap":{"0":{"start":{"line":21,"column":17},"end":{"line":21,"column":null}},"1":{"start":{"line":23,"column":2},"end":{"line":23,"column":null}},"2":{"start":{"line":38,"column":23},"end":{"line":38,"column":null}},"3":{"start":{"line":39,"column":2},"end":{"line":39,"column":null}},"4":{"start":{"line":52,"column":17},"end":{"line":52,"column":null}},"5":{"start":{"line":53,"column":2},"end":{"line":53,"column":null}},"6":{"start":{"line":72,"column":14},"end":{"line":72,"column":null}},"7":{"start":{"line":75,"column":2},"end":{"line":83,"column":null}},"8":{"start":{"line":76,"column":4},"end":{"line":82,"column":null}},"9":{"start":{"line":77,"column":6},"end":{"line":77,"column":null}},"10":{"start":{"line":78,"column":11},"end":{"line":82,"column":null}},"11":{"start":{"line":79,"column":6},"end":{"line":79,"column":null}},"12":{"start":{"line":81,"column":6},"end":{"line":81,"column":null}},"13":{"start":{"line":86,"column":2},"end":{"line":89,"column":null}},"14":{"start":{"line":87,"column":4},"end":{"line":88,"column":null}},"15":{"start":{"line":87,"column":38},"end":{"line":87,"column":null}},"16":{"start":{"line":88,"column":9},"end":{"line":88,"column":null}},"17":{"start":{"line":88,"column":44},"end":{"line":88,"column":null}},"18":{"start":{"line":92,"column":2},"end":{"line":99,"column":null}},"19":{"start":{"line":93,"column":4},"end":{"line":98,"column":null}},"20":{"start":{"line":94,"column":20},"end":{"line":94,"column":33}},"21":{"start":{"line":94,"column":33},"end":{"line":94,"column":null}},"22":{"start":{"line":95,"column":25},"end":{"line":95,"column":38}},"23":{"start":{"line":95,"column":38},"end":{"line":95,"column":null}},"24":{"start":{"line":96,"column":26},"end":{"line":96,"column":38}},"25":{"start":{"line":96,"column":38},"end":{"line":96,"column":null}},"26":{"start":{"line":97,"column":25},"end":{"line":97,"column":38}},"27":{"start":{"line":97,"column":38},"end":{"line":97,"column":null}},"28":{"start":{"line":102,"column":2},"end":{"line":108,"column":null}},"29":{"start":{"line":103,"column":4},"end":{"line":107,"column":null}},"30":{"start":{"line":104,"column":6},"end":{"line":104,"column":null}},"31":{"start":{"line":105,"column":11},"end":{"line":107,"column":null}},"32":{"start":{"line":106,"column":6},"end":{"line":106,"column":null}},"33":{"start":{"line":111,"column":2},"end":{"line":111,"column":null}},"34":{"start":{"line":111,"column":34},"end":{"line":111,"column":null}},"35":{"start":{"line":112,"column":2},"end":{"line":112,"column":null}},"36":{"start":{"line":112,"column":35},"end":{"line":112,"column":null}},"37":{"start":{"line":115,"column":2},"end":{"line":115,"column":null}}},"fnMap":{"0":{"name":"calculateTransportEmissions","decl":{"start":{"line":17,"column":16},"end":{"line":17,"column":null}},"loc":{"start":{"line":20,"column":10},"end":{"line":24,"column":null}},"line":20},"1":{"name":"calculateDietEmissions","decl":{"start":{"line":33,"column":16},"end":{"line":33,"column":null}},"loc":{"start":{"line":36,"column":10},"end":{"line":40,"column":null}},"line":36},"2":{"name":"calculateEnergyEmissions","decl":{"start":{"line":48,"column":16},"end":{"line":48,"column":null}},"loc":{"start":{"line":51,"column":10},"end":{"line":54,"column":null}},"line":51},"3":{"name":"calculateCarbonScore","decl":{"start":{"line":61,"column":16},"end":{"line":61,"column":null}},"loc":{"start":{"line":71,"column":10},"end":{"line":116,"column":null}},"line":71}},"branchMap":{"0":{"loc":{"start":{"line":35,"column":2},"end":{"line":35,"column":null}},"type":"default-arg","locations":[{"start":{"line":35,"column":17},"end":{"line":35,"column":null}}],"line":35},"1":{"loc":{"start":{"line":75,"column":2},"end":{"line":83,"column":null}},"type":"if","locations":[{"start":{"line":75,"column":2},"end":{"line":83,"column":null}},{"start":{},"end":{}}],"line":75},"2":{"loc":{"start":{"line":76,"column":4},"end":{"line":82,"column":null}},"type":"if","locations":[{"start":{"line":76,"column":4},"end":{"line":82,"column":null}},{"start":{"line":78,"column":11},"end":{"line":82,"column":null}}],"line":76},"3":{"loc":{"start":{"line":78,"column":11},"end":{"line":82,"column":null}},"type":"if","locations":[{"start":{"line":78,"column":11},"end":{"line":82,"column":null}},{"start":{"line":80,"column":11},"end":{"line":82,"column":null}}],"line":78},"4":{"loc":{"start":{"line":86,"column":2},"end":{"line":89,"column":null}},"type":"if","locations":[{"start":{"line":86,"column":2},"end":{"line":89,"column":null}},{"start":{},"end":{}}],"line":86},"5":{"loc":{"start":{"line":87,"column":4},"end":{"line":88,"column":null}},"type":"if","locations":[{"start":{"line":87,"column":4},"end":{"line":88,"column":null}},{"start":{"line":88,"column":9},"end":{"line":88,"column":null}}],"line":87},"6":{"loc":{"start":{"line":88,"column":9},"end":{"line":88,"column":null}},"type":"if","locations":[{"start":{"line":88,"column":9},"end":{"line":88,"column":null}},{"start":{},"end":{}}],"line":88},"7":{"loc":{"start":{"line":92,"column":2},"end":{"line":99,"column":null}},"type":"if","locations":[{"start":{"line":92,"column":2},"end":{"line":99,"column":null}},{"start":{},"end":{}}],"line":92},"8":{"loc":{"start":{"line":93,"column":4},"end":{"line":98,"column":null}},"type":"switch","locations":[{"start":{"line":94,"column":6},"end":{"line":94,"column":null}},{"start":{"line":95,"column":6},"end":{"line":95,"column":null}},{"start":{"line":96,"column":6},"end":{"line":96,"column":null}},{"start":{"line":97,"column":6},"end":{"line":97,"column":null}}],"line":93},"9":{"loc":{"start":{"line":102,"column":2},"end":{"line":108,"column":null}},"type":"if","locations":[{"start":{"line":102,"column":2},"end":{"line":108,"column":null}},{"start":{},"end":{}}],"line":102},"10":{"loc":{"start":{"line":103,"column":4},"end":{"line":107,"column":null}},"type":"if","locations":[{"start":{"line":103,"column":4},"end":{"line":107,"column":null}},{"start":{"line":105,"column":11},"end":{"line":107,"column":null}}],"line":103},"11":{"loc":{"start":{"line":103,"column":8},"end":{"line":103,"column":96}},"type":"binary-expr","locations":[{"start":{"line":103,"column":8},"end":{"line":103,"column":58}},{"start":{"line":103,"column":58},"end":{"line":103,"column":96}}],"line":103},"12":{"loc":{"start":{"line":105,"column":11},"end":{"line":107,"column":null}},"type":"if","locations":[{"start":{"line":105,"column":11},"end":{"line":107,"column":null}},{"start":{},"end":{}}],"line":105},"13":{"loc":{"start":{"line":111,"column":2},"end":{"line":111,"column":null}},"type":"if","locations":[{"start":{"line":111,"column":2},"end":{"line":111,"column":null}},{"start":{},"end":{}}],"line":111},"14":{"loc":{"start":{"line":112,"column":2},"end":{"line":112,"column":null}},"type":"if","locations":[{"start":{"line":112,"column":2},"end":{"line":112,"column":null}},{"start":{},"end":{}}],"line":112}},"s":{"0":2,"1":2,"2":2,"3":2,"4":2,"5":2,"6":6,"7":6,"8":4,"9":1,"10":3,"11":1,"12":2,"13":6,"14":4,"15":1,"16":3,"17":2,"18":6,"19":5,"20":1,"21":1,"22":1,"23":1,"24":1,"25":1,"26":2,"27":2,"28":6,"29":3,"30":1,"31":2,"32":1,"33":6,"34":1,"35":6,"36":1,"37":6},"f":{"0":2,"1":2,"2":2,"3":6},"b":{"0":[2],"1":[4,2],"2":[1,3],"3":[1,2],"4":[4,2],"5":[1,3],"6":[2,1],"7":[5,1],"8":[1,1,1,2],"9":[3,3],"10":[1,2],"11":[3,3],"12":[1,1],"13":[1,5],"14":[1,5]},"meta":{"lastBranch":15,"lastFunction":4,"lastStatement":38,"seen":{"f:17:16:17:Infinity":0,"s:21:17:21:Infinity":0,"s:23:2:23:Infinity":1,"f:33:16:33:Infinity":1,"b:35:17:35:Infinity":0,"s:38:23:38:Infinity":2,"s:39:2:39:Infinity":3,"f:48:16:48:Infinity":2,"s:52:17:52:Infinity":4,"s:53:2:53:Infinity":5,"f:61:16:61:Infinity":3,"s:72:14:72:Infinity":6,"b:75:2:83:Infinity:undefined:undefined:undefined:undefined":1,"s:75:2:83:Infinity":7,"b:76:4:82:Infinity:78:11:82:Infinity":2,"s:76:4:82:Infinity":8,"s:77:6:77:Infinity":9,"b:78:11:82:Infinity:80:11:82:Infinity":3,"s:78:11:82:Infinity":10,"s:79:6:79:Infinity":11,"s:81:6:81:Infinity":12,"b:86:2:89:Infinity:undefined:undefined:undefined:undefined":4,"s:86:2:89:Infinity":13,"b:87:4:88:Infinity:88:9:88:Infinity":5,"s:87:4:88:Infinity":14,"s:87:38:87:Infinity":15,"b:88:9:88:Infinity:undefined:undefined:undefined:undefined":6,"s:88:9:88:Infinity":16,"s:88:44:88:Infinity":17,"b:92:2:99:Infinity:undefined:undefined:undefined:undefined":7,"s:92:2:99:Infinity":18,"b:94:6:94:Infinity:95:6:95:Infinity:96:6:96:Infinity:97:6:97:Infinity":8,"s:93:4:98:Infinity":19,"s:94:20:94:33":20,"s:94:33:94:Infinity":21,"s:95:25:95:38":22,"s:95:38:95:Infinity":23,"s:96:26:96:38":24,"s:96:38:96:Infinity":25,"s:97:25:97:38":26,"s:97:38:97:Infinity":27,"b:102:2:108:Infinity:undefined:undefined:undefined:undefined":9,"s:102:2:108:Infinity":28,"b:103:4:107:Infinity:105:11:107:Infinity":10,"s:103:4:107:Infinity":29,"b:103:8:103:58:103:58:103:96":11,"s:104:6:104:Infinity":30,"b:105:11:107:Infinity:undefined:undefined:undefined:undefined":12,"s:105:11:107:Infinity":31,"s:106:6:106:Infinity":32,"b:111:2:111:Infinity:undefined:undefined:undefined:undefined":13,"s:111:2:111:Infinity":33,"s:111:34:111:Infinity":34,"b:112:2:112:Infinity:undefined:undefined:undefined:undefined":14,"s:112:2:112:Infinity":35,"s:112:35:112:Infinity":36,"s:115:2:115:Infinity":37},"fnNames":{}}}
,"C:\\Users\\hp\\OneDrive\\Desktop\\EcoSphereAI\\EcoSphere-AI\\src\\lib\\gamification.ts": {"path":"C:\\Users\\hp\\OneDrive\\Desktop\\EcoSphereAI\\EcoSphere-AI\\src\\lib\\gamification.ts","statementMap":{"0":{"start":{"line":3,"column":54},"end":{"line":9,"column":null}},"1":{"start":{"line":12,"column":13},"end":{"line":12,"column":null}},"2":{"start":{"line":13,"column":2},"end":{"line":15,"column":null}},"3":{"start":{"line":14,"column":4},"end":{"line":14,"column":null}},"4":{"start":{"line":16,"column":2},"end":{"line":16,"column":null}},"5":{"start":{"line":20,"column":25},"end":{"line":20,"column":null}},"6":{"start":{"line":23,"column":2},"end":{"line":23,"column":null}},"7":{"start":{"line":23,"column":19},"end":{"line":23,"column":null}},"8":{"start":{"line":25,"column":16},"end":{"line":25,"column":null}},"9":{"start":{"line":26,"column":29},"end":{"line":26,"column":null}},"10":{"start":{"line":27,"column":22},"end":{"line":27,"column":null}},"11":{"start":{"line":29,"column":25},"end":{"line":29,"column":null}},"12":{"start":{"line":30,"column":19},"end":{"line":30,"column":null}},"13":{"start":{"line":31,"column":19},"end":{"line":31,"column":null}},"14":{"start":{"line":33,"column":2},"end":{"line":33,"column":null}}},"fnMap":{"0":{"name":"calculateXPForAction","decl":{"start":{"line":11,"column":16},"end":{"line":11,"column":37}},"loc":{"start":{"line":11,"column":96},"end":{"line":17,"column":null}},"line":11},"1":{"name":"determineLevel","decl":{"start":{"line":19,"column":16},"end":{"line":19,"column":31}},"loc":{"start":{"line":19,"column":106},"end":{"line":34,"column":null}},"line":19}},"branchMap":{"0":{"loc":{"start":{"line":11,"column":61},"end":{"line":11,"column":96}},"type":"default-arg","locations":[{"start":{"line":11,"column":81},"end":{"line":11,"column":96}}],"line":11},"1":{"loc":{"start":{"line":12,"column":13},"end":{"line":12,"column":null}},"type":"binary-expr","locations":[{"start":{"line":12,"column":13},"end":{"line":12,"column":39}},{"start":{"line":12,"column":39},"end":{"line":12,"column":null}}],"line":12},"2":{"loc":{"start":{"line":13,"column":2},"end":{"line":15,"column":null}},"type":"if","locations":[{"start":{"line":13,"column":2},"end":{"line":15,"column":null}},{"start":{},"end":{}}],"line":13},"3":{"loc":{"start":{"line":23,"column":2},"end":{"line":23,"column":null}},"type":"if","locations":[{"start":{"line":23,"column":2},"end":{"line":23,"column":null}},{"start":{},"end":{}}],"line":23}},"s":{"0":1,"1":5,"2":5,"3":2,"4":5,"5":4,"6":4,"7":1,"8":3,"9":3,"10":3,"11":3,"12":3,"13":3,"14":3},"f":{"0":5,"1":4},"b":{"0":[5],"1":[5,1],"2":[2,3],"3":[1,3]},"meta":{"lastBranch":4,"lastFunction":2,"lastStatement":15,"seen":{"s:3:54:9:Infinity":0,"f:11:16:11:37":0,"b:11:81:11:96":0,"s:12:13:12:Infinity":1,"b:12:13:12:39:12:39:12:Infinity":1,"b:13:2:15:Infinity:undefined:undefined:undefined:undefined":2,"s:13:2:15:Infinity":2,"s:14:4:14:Infinity":3,"s:16:2:16:Infinity":4,"f:19:16:19:31":1,"s:20:25:20:Infinity":5,"b:23:2:23:Infinity:undefined:undefined:undefined:undefined":3,"s:23:2:23:Infinity":6,"s:23:19:23:Infinity":7,"s:25:16:25:Infinity":8,"s:26:29:26:Infinity":9,"s:27:22:27:Infinity":10,"s:29:25:29:Infinity":11,"s:30:19:30:Infinity":12,"s:31:19:31:Infinity":13,"s:33:2:33:Infinity":14},"fnNames":{}}}
,"C:\\Users\\hp\\OneDrive\\Desktop\\EcoSphereAI\\EcoSphere-AI\\src\\lib\\utils.ts": {"path":"C:\\Users\\hp\\OneDrive\\Desktop\\EcoSphereAI\\EcoSphere-AI\\src\\lib\\utils.ts","statementMap":{"0":{"start":{"line":18,"column":27},"end":{"line":18,"column":null}},"1":{"start":{"line":19,"column":2},"end":{"line":30,"column":null}},"2":{"start":{"line":20,"column":4},"end":{"line":20,"column":null}},"3":{"start":{"line":20,"column":15},"end":{"line":20,"column":null}},"4":{"start":{"line":21,"column":4},"end":{"line":29,"column":null}},"5":{"start":{"line":22,"column":6},"end":{"line":22,"column":null}},"6":{"start":{"line":23,"column":11},"end":{"line":29,"column":null}},"7":{"start":{"line":24,"column":6},"end":{"line":24,"column":null}},"8":{"start":{"line":25,"column":11},"end":{"line":29,"column":null}},"9":{"start":{"line":26,"column":6},"end":{"line":28,"column":null}},"10":{"start":{"line":27,"column":8},"end":{"line":27,"column":null}},"11":{"start":{"line":27,"column":23},"end":{"line":27,"column":null}},"12":{"start":{"line":31,"column":2},"end":{"line":31,"column":null}},"13":{"start":{"line":41,"column":2},"end":{"line":43,"column":null}},"14":{"start":{"line":42,"column":4},"end":{"line":42,"column":null}},"15":{"start":{"line":44,"column":2},"end":{"line":46,"column":null}},"16":{"start":{"line":45,"column":4},"end":{"line":45,"column":null}},"17":{"start":{"line":47,"column":2},"end":{"line":47,"column":null}},"18":{"start":{"line":56,"column":2},"end":{"line":58,"column":null}},"19":{"start":{"line":57,"column":4},"end":{"line":57,"column":null}},"20":{"start":{"line":59,"column":2},"end":{"line":59,"column":null}},"21":{"start":{"line":68,"column":2},"end":{"line":68,"column":null}},"22":{"start":{"line":77,"column":2},"end":{"line":80,"column":null}},"23":{"start":{"line":90,"column":2},"end":{"line":90,"column":null}},"24":{"start":{"line":100,"column":14},"end":{"line":100,"column":null}},"25":{"start":{"line":101,"column":17},"end":{"line":101,"column":null}},"26":{"start":{"line":102,"column":19},"end":{"line":102,"column":null}},"27":{"start":{"line":103,"column":19},"end":{"line":103,"column":null}},"28":{"start":{"line":104,"column":20},"end":{"line":104,"column":null}},"29":{"start":{"line":105,"column":19},"end":{"line":105,"column":null}},"30":{"start":{"line":107,"column":2},"end":{"line":107,"column":null}},"31":{"start":{"line":107,"column":21},"end":{"line":107,"column":null}},"32":{"start":{"line":108,"column":2},"end":{"line":108,"column":null}},"33":{"start":{"line":108,"column":21},"end":{"line":108,"column":null}},"34":{"start":{"line":109,"column":2},"end":{"line":109,"column":null}},"35":{"start":{"line":109,"column":22},"end":{"line":109,"column":null}},"36":{"start":{"line":110,"column":2},"end":{"line":110,"column":null}},"37":{"start":{"line":110,"column":20},"end":{"line":110,"column":null}},"38":{"start":{"line":111,"column":2},"end":{"line":111,"column":null}},"39":{"start":{"line":111,"column":21},"end":{"line":111,"column":null}},"40":{"start":{"line":112,"column":2},"end":{"line":112,"column":null}},"41":{"start":{"line":121,"column":2},"end":{"line":125,"column":null}},"42":{"start":{"line":134,"column":2},"end":{"line":134,"column":null}},"43":{"start":{"line":143,"column":2},"end":{"line":148,"column":null}},"44":{"start":{"line":145,"column":16},"end":{"line":145,"column":20}},"45":{"start":{"line":159,"column":23},"end":{"line":159,"column":null}},"46":{"start":{"line":160,"column":26},"end":{"line":160,"column":null}},"47":{"start":{"line":162,"column":2},"end":{"line":162,"column":null}},"48":{"start":{"line":162,"column":44},"end":{"line":162,"column":null}},"49":{"start":{"line":163,"column":2},"end":{"line":163,"column":null}},"50":{"start":{"line":163,"column":41},"end":{"line":163,"column":null}},"51":{"start":{"line":165,"column":8},"end":{"line":166,"column":null}},"52":{"start":{"line":167,"column":2},"end":{"line":167,"column":null}},"53":{"start":{"line":177,"column":2},"end":{"line":177,"column":null}},"54":{"start":{"line":177,"column":19},"end":{"line":177,"column":null}},"55":{"start":{"line":178,"column":2},"end":{"line":178,"column":null}},"56":{"start":{"line":178,"column":19},"end":{"line":178,"column":null}},"57":{"start":{"line":179,"column":2},"end":{"line":179,"column":null}},"58":{"start":{"line":179,"column":19},"end":{"line":179,"column":null}},"59":{"start":{"line":180,"column":2},"end":{"line":180,"column":null}},"60":{"start":{"line":180,"column":19},"end":{"line":180,"column":null}},"61":{"start":{"line":181,"column":2},"end":{"line":181,"column":null}},"62":{"start":{"line":198,"column":6},"end":{"line":219,"column":null}},"63":{"start":{"line":221,"column":2},"end":{"line":226,"column":null}},"64":{"start":{"line":238,"column":2},"end":{"line":238,"column":null}},"65":{"start":{"line":253,"column":2},"end":{"line":256,"column":null}},"66":{"start":{"line":254,"column":4},"end":{"line":254,"column":null}},"67":{"start":{"line":255,"column":4},"end":{"line":255,"column":null}},"68":{"start":{"line":255,"column":29},"end":{"line":255,"column":42}},"69":{"start":{"line":265,"column":2},"end":{"line":265,"column":null}},"70":{"start":{"line":265,"column":34},"end":{"line":265,"column":57}},"71":{"start":{"line":275,"column":2},"end":{"line":275,"column":null}},"72":{"start":{"line":275,"column":32},"end":{"line":275,"column":null}},"73":{"start":{"line":276,"column":2},"end":{"line":276,"column":null}},"74":{"start":{"line":285,"column":15},"end":{"line":285,"column":null}},"75":{"start":{"line":286,"column":2},"end":{"line":286,"column":null}},"76":{"start":{"line":286,"column":17},"end":{"line":286,"column":null}},"77":{"start":{"line":287,"column":2},"end":{"line":287,"column":null}},"78":{"start":{"line":287,"column":17},"end":{"line":287,"column":null}},"79":{"start":{"line":288,"column":2},"end":{"line":288,"column":null}}},"fnMap":{"0":{"name":"cn","decl":{"start":{"line":17,"column":16},"end":{"line":17,"column":19}},"loc":{"start":{"line":17,"column":53},"end":{"line":32,"column":null}},"line":17},"1":{"name":"formatCarbon","decl":{"start":{"line":40,"column":16},"end":{"line":40,"column":29}},"loc":{"start":{"line":40,"column":49},"end":{"line":48,"column":null}},"line":40},"2":{"name":"formatCarbonShort","decl":{"start":{"line":55,"column":16},"end":{"line":55,"column":34}},"loc":{"start":{"line":55,"column":54},"end":{"line":60,"column":null}},"line":55},"3":{"name":"formatNumber","decl":{"start":{"line":67,"column":16},"end":{"line":67,"column":29}},"loc":{"start":{"line":67,"column":50},"end":{"line":69,"column":null}},"line":67},"4":{"name":"formatCompact","decl":{"start":{"line":76,"column":16},"end":{"line":76,"column":30}},"loc":{"start":{"line":76,"column":51},"end":{"line":81,"column":null}},"line":76},"5":{"name":"formatPercent","decl":{"start":{"line":89,"column":16},"end":{"line":89,"column":30}},"loc":{"start":{"line":89,"column":67},"end":{"line":91,"column":null}},"line":89},"6":{"name":"formatRelativeDate","decl":{"start":{"line":99,"column":16},"end":{"line":99,"column":35}},"loc":{"start":{"line":99,"column":55},"end":{"line":113,"column":null}},"line":99},"7":{"name":"formatDate","decl":{"start":{"line":120,"column":16},"end":{"line":120,"column":27}},"loc":{"start":{"line":120,"column":47},"end":{"line":126,"column":null}},"line":120},"8":{"name":"generateId","decl":{"start":{"line":133,"column":16},"end":{"line":133,"column":37}},"loc":{"start":{"line":133,"column":37},"end":{"line":135,"column":null}},"line":133},"9":{"name":"getInitials","decl":{"start":{"line":142,"column":16},"end":{"line":142,"column":28}},"loc":{"start":{"line":142,"column":50},"end":{"line":149,"column":null}},"line":142},"10":{"name":"(anonymous_10)","decl":{"start":{"line":145,"column":5},"end":{"line":145,"column":10}},"loc":{"start":{"line":145,"column":16},"end":{"line":145,"column":20}},"line":145},"11":{"name":"calculateEcoScore","decl":{"start":{"line":158,"column":16},"end":{"line":158,"column":34}},"loc":{"start":{"line":158,"column":69},"end":{"line":168,"column":null}},"line":158},"12":{"name":"getScoreColor","decl":{"start":{"line":176,"column":16},"end":{"line":176,"column":30}},"loc":{"start":{"line":176,"column":53},"end":{"line":182,"column":null}},"line":176},"13":{"name":"getCategoryInfo","decl":{"start":{"line":190,"column":16},"end":{"line":190,"column":32}},"loc":{"start":{"line":194,"column":2},"end":{"line":228,"column":null}},"line":194},"14":{"name":"clamp","decl":{"start":{"line":237,"column":16},"end":{"line":237,"column":22}},"loc":{"start":{"line":237,"column":71},"end":{"line":239,"column":null}},"line":237},"15":{"name":"debounce","decl":{"start":{"line":248,"column":16},"end":{"line":248,"column":null}},"loc":{"start":{"line":251,"column":36},"end":{"line":257,"column":null}},"line":251},"16":{"name":"(anonymous_16)","decl":{"start":{"line":253,"column":2},"end":{"line":253,"column":10}},"loc":{"start":{"line":253,"column":37},"end":{"line":256,"column":null}},"line":253},"17":{"name":"(anonymous_17)","decl":{"start":{"line":255,"column":12},"end":{"line":255,"column":29}},"loc":{"start":{"line":255,"column":29},"end":{"line":255,"column":42}},"line":255},"18":{"name":"sleep","decl":{"start":{"line":264,"column":16},"end":{"line":264,"column":22}},"loc":{"start":{"line":264,"column":49},"end":{"line":266,"column":null}},"line":264},"19":{"name":"(anonymous_19)","decl":{"start":{"line":265,"column":13},"end":{"line":265,"column":22}},"loc":{"start":{"line":265,"column":34},"end":{"line":265,"column":57}},"line":265},"20":{"name":"truncate","decl":{"start":{"line":274,"column":16},"end":{"line":274,"column":25}},"loc":{"start":{"line":274,"column":66},"end":{"line":277,"column":null}},"line":274},"21":{"name":"getGreeting","decl":{"start":{"line":284,"column":16},"end":{"line":284,"column":38}},"loc":{"start":{"line":284,"column":38},"end":{"line":289,"column":null}},"line":284}},"branchMap":{"0":{"loc":{"start":{"line":20,"column":4},"end":{"line":20,"column":null}},"type":"if","locations":[{"start":{"line":20,"column":4},"end":{"line":20,"column":null}},{"start":{},"end":{}}],"line":20},"1":{"loc":{"start":{"line":21,"column":4},"end":{"line":29,"column":null}},"type":"if","locations":[{"start":{"line":21,"column":4},"end":{"line":29,"column":null}},{"start":{"line":23,"column":11},"end":{"line":29,"column":null}}],"line":21},"2":{"loc":{"start":{"line":21,"column":8},"end":{"line":21,"column":62}},"type":"binary-expr","locations":[{"start":{"line":21,"column":8},"end":{"line":21,"column":36}},{"start":{"line":21,"column":36},"end":{"line":21,"column":62}}],"line":21},"3":{"loc":{"start":{"line":23,"column":11},"end":{"line":29,"column":null}},"type":"if","locations":[{"start":{"line":23,"column":11},"end":{"line":29,"column":null}},{"start":{"line":25,"column":11},"end":{"line":29,"column":null}}],"line":23},"4":{"loc":{"start":{"line":25,"column":11},"end":{"line":29,"column":null}},"type":"if","locations":[{"start":{"line":25,"column":11},"end":{"line":29,"column":null}},{"start":{},"end":{}}],"line":25},"5":{"loc":{"start":{"line":27,"column":8},"end":{"line":27,"column":null}},"type":"if","locations":[{"start":{"line":27,"column":8},"end":{"line":27,"column":null}},{"start":{},"end":{}}],"line":27},"6":{"loc":{"start":{"line":41,"column":2},"end":{"line":43,"column":null}},"type":"if","locations":[{"start":{"line":41,"column":2},"end":{"line":43,"column":null}},{"start":{},"end":{}}],"line":41},"7":{"loc":{"start":{"line":44,"column":2},"end":{"line":46,"column":null}},"type":"if","locations":[{"start":{"line":44,"column":2},"end":{"line":46,"column":null}},{"start":{},"end":{}}],"line":44},"8":{"loc":{"start":{"line":56,"column":2},"end":{"line":58,"column":null}},"type":"if","locations":[{"start":{"line":56,"column":2},"end":{"line":58,"column":null}},{"start":{},"end":{}}],"line":56},"9":{"loc":{"start":{"line":89,"column":45},"end":{"line":89,"column":67}},"type":"default-arg","locations":[{"start":{"line":89,"column":56},"end":{"line":89,"column":67}}],"line":89},"10":{"loc":{"start":{"line":107,"column":2},"end":{"line":107,"column":null}},"type":"if","locations":[{"start":{"line":107,"column":2},"end":{"line":107,"column":null}},{"start":{},"end":{}}],"line":107},"11":{"loc":{"start":{"line":108,"column":2},"end":{"line":108,"column":null}},"type":"if","locations":[{"start":{"line":108,"column":2},"end":{"line":108,"column":null}},{"start":{},"end":{}}],"line":108},"12":{"loc":{"start":{"line":109,"column":2},"end":{"line":109,"column":null}},"type":"if","locations":[{"start":{"line":109,"column":2},"end":{"line":109,"column":null}},{"start":{},"end":{}}],"line":109},"13":{"loc":{"start":{"line":110,"column":2},"end":{"line":110,"column":null}},"type":"if","locations":[{"start":{"line":110,"column":2},"end":{"line":110,"column":null}},{"start":{},"end":{}}],"line":110},"14":{"loc":{"start":{"line":111,"column":2},"end":{"line":111,"column":null}},"type":"if","locations":[{"start":{"line":111,"column":2},"end":{"line":111,"column":null}},{"start":{},"end":{}}],"line":111},"15":{"loc":{"start":{"line":162,"column":2},"end":{"line":162,"column":null}},"type":"if","locations":[{"start":{"line":162,"column":2},"end":{"line":162,"column":null}},{"start":{},"end":{}}],"line":162},"16":{"loc":{"start":{"line":163,"column":2},"end":{"line":163,"column":null}},"type":"if","locations":[{"start":{"line":163,"column":2},"end":{"line":163,"column":null}},{"start":{},"end":{}}],"line":163},"17":{"loc":{"start":{"line":177,"column":2},"end":{"line":177,"column":null}},"type":"if","locations":[{"start":{"line":177,"column":2},"end":{"line":177,"column":null}},{"start":{},"end":{}}],"line":177},"18":{"loc":{"start":{"line":178,"column":2},"end":{"line":178,"column":null}},"type":"if","locations":[{"start":{"line":178,"column":2},"end":{"line":178,"column":null}},{"start":{},"end":{}}],"line":178},"19":{"loc":{"start":{"line":179,"column":2},"end":{"line":179,"column":null}},"type":"if","locations":[{"start":{"line":179,"column":2},"end":{"line":179,"column":null}},{"start":{},"end":{}}],"line":179},"20":{"loc":{"start":{"line":180,"column":2},"end":{"line":180,"column":null}},"type":"if","locations":[{"start":{"line":180,"column":2},"end":{"line":180,"column":null}},{"start":{},"end":{}}],"line":180},"21":{"loc":{"start":{"line":222,"column":4},"end":{"line":226,"column":null}},"type":"binary-expr","locations":[{"start":{"line":222,"column":4},"end":{"line":222,"column":28}},{"start":{"line":222,"column":28},"end":{"line":226,"column":null}}],"line":222},"22":{"loc":{"start":{"line":275,"column":2},"end":{"line":275,"column":null}},"type":"if","locations":[{"start":{"line":275,"column":2},"end":{"line":275,"column":null}},{"start":{},"end":{}}],"line":275},"23":{"loc":{"start":{"line":286,"column":2},"end":{"line":286,"column":null}},"type":"if","locations":[{"start":{"line":286,"column":2},"end":{"line":286,"column":null}},{"start":{},"end":{}}],"line":286},"24":{"loc":{"start":{"line":287,"column":2},"end":{"line":287,"column":null}},"type":"if","locations":[{"start":{"line":287,"column":2},"end":{"line":287,"column":null}},{"start":{},"end":{}}],"line":287}},"s":{"0":8,"1":8,"2":14,"3":4,"4":10,"5":7,"6":3,"7":2,"8":1,"9":1,"10":2,"11":1,"12":8,"13":4,"14":2,"15":2,"16":1,"17":1,"18":2,"19":1,"20":1,"21":2,"22":2,"23":2,"24":6,"25":6,"26":6,"27":6,"28":6,"29":6,"30":6,"31":1,"32":5,"33":5,"34":4,"35":4,"36":3,"37":3,"38":2,"39":2,"40":1,"41":1,"42":3,"43":3,"44":6,"45":5,"46":5,"47":5,"48":2,"49":3,"50":2,"51":1,"52":1,"53":4,"54":1,"55":3,"56":3,"57":2,"58":2,"59":1,"60":0,"61":1,"62":3,"63":3,"64":3,"65":1,"66":3,"67":3,"68":1,"69":1,"70":1,"71":3,"72":2,"73":1,"74":1,"75":1,"76":0,"77":1,"78":0,"79":1},"f":{"0":8,"1":4,"2":2,"3":2,"4":2,"5":2,"6":6,"7":1,"8":3,"9":3,"10":6,"11":5,"12":4,"13":3,"14":3,"15":1,"16":3,"17":1,"18":1,"19":1,"20":3,"21":1},"b":{"0":[4,10],"1":[7,3],"2":[10,4],"3":[2,1],"4":[1,0],"5":[1,1],"6":[2,2],"7":[1,1],"8":[1,1],"9":[2],"10":[1,5],"11":[1,4],"12":[1,3],"13":[1,2],"14":[1,1],"15":[2,3],"16":[2,1],"17":[1,3],"18":[1,2],"19":[1,1],"20":[0,1],"21":[3,1],"22":[2,1],"23":[0,1],"24":[0,1]},"meta":{"lastBranch":25,"lastFunction":22,"lastStatement":80,"seen":{"f:17:16:17:19":0,"s:18:27:18:Infinity":0,"s:19:2:30:Infinity":1,"b:20:4:20:Infinity:undefined:undefined:undefined:undefined":0,"s:20:4:20:Infinity":2,"s:20:15:20:Infinity":3,"b:21:4:29:Infinity:23:11:29:Infinity":1,"s:21:4:29:Infinity":4,"b:21:8:21:36:21:36:21:62":2,"s:22:6:22:Infinity":5,"b:23:11:29:Infinity:25:11:29:Infinity":3,"s:23:11:29:Infinity":6,"s:24:6:24:Infinity":7,"b:25:11:29:Infinity:undefined:undefined:undefined:undefined":4,"s:25:11:29:Infinity":8,"s:26:6:28:Infinity":9,"b:27:8:27:Infinity:undefined:undefined:undefined:undefined":5,"s:27:8:27:Infinity":10,"s:27:23:27:Infinity":11,"s:31:2:31:Infinity":12,"f:40:16:40:29":1,"b:41:2:43:Infinity:undefined:undefined:undefined:undefined":6,"s:41:2:43:Infinity":13,"s:42:4:42:Infinity":14,"b:44:2:46:Infinity:undefined:undefined:undefined:undefined":7,"s:44:2:46:Infinity":15,"s:45:4:45:Infinity":16,"s:47:2:47:Infinity":17,"f:55:16:55:34":2,"b:56:2:58:Infinity:undefined:undefined:undefined:undefined":8,"s:56:2:58:Infinity":18,"s:57:4:57:Infinity":19,"s:59:2:59:Infinity":20,"f:67:16:67:29":3,"s:68:2:68:Infinity":21,"f:76:16:76:30":4,"s:77:2:80:Infinity":22,"f:89:16:89:30":5,"b:89:56:89:67":9,"s:90:2:90:Infinity":23,"f:99:16:99:35":6,"s:100:14:100:Infinity":24,"s:101:17:101:Infinity":25,"s:102:19:102:Infinity":26,"s:103:19:103:Infinity":27,"s:104:20:104:Infinity":28,"s:105:19:105:Infinity":29,"b:107:2:107:Infinity:undefined:undefined:undefined:undefined":10,"s:107:2:107:Infinity":30,"s:107:21:107:Infinity":31,"b:108:2:108:Infinity:undefined:undefined:undefined:undefined":11,"s:108:2:108:Infinity":32,"s:108:21:108:Infinity":33,"b:109:2:109:Infinity:undefined:undefined:undefined:undefined":12,"s:109:2:109:Infinity":34,"s:109:22:109:Infinity":35,"b:110:2:110:Infinity:undefined:undefined:undefined:undefined":13,"s:110:2:110:Infinity":36,"s:110:20:110:Infinity":37,"b:111:2:111:Infinity:undefined:undefined:undefined:undefined":14,"s:111:2:111:Infinity":38,"s:111:21:111:Infinity":39,"s:112:2:112:Infinity":40,"f:120:16:120:27":7,"s:121:2:125:Infinity":41,"f:133:16:133:37":8,"s:134:2:134:Infinity":42,"f:142:16:142:28":9,"s:143:2:148:Infinity":43,"f:145:5:145:10":10,"s:145:16:145:20":44,"f:158:16:158:34":11,"s:159:23:159:Infinity":45,"s:160:26:160:Infinity":46,"b:162:2:162:Infinity:undefined:undefined:undefined:undefined":15,"s:162:2:162:Infinity":47,"s:162:44:162:Infinity":48,"b:163:2:163:Infinity:undefined:undefined:undefined:undefined":16,"s:163:2:163:Infinity":49,"s:163:41:163:Infinity":50,"s:165:8:166:Infinity":51,"s:167:2:167:Infinity":52,"f:176:16:176:30":12,"b:177:2:177:Infinity:undefined:undefined:undefined:undefined":17,"s:177:2:177:Infinity":53,"s:177:19:177:Infinity":54,"b:178:2:178:Infinity:undefined:undefined:undefined:undefined":18,"s:178:2:178:Infinity":55,"s:178:19:178:Infinity":56,"b:179:2:179:Infinity:undefined:undefined:undefined:undefined":19,"s:179:2:179:Infinity":57,"s:179:19:179:Infinity":58,"b:180:2:180:Infinity:undefined:undefined:undefined:undefined":20,"s:180:2:180:Infinity":59,"s:180:19:180:Infinity":60,"s:181:2:181:Infinity":61,"f:190:16:190:32":13,"s:198:6:219:Infinity":62,"s:221:2:226:Infinity":63,"b:222:4:222:28:222:28:226:Infinity":21,"f:237:16:237:22":14,"s:238:2:238:Infinity":64,"f:248:16:248:Infinity":15,"s:253:2:256:Infinity":65,"f:253:2:253:10":16,"s:254:4:254:Infinity":66,"s:255:4:255:Infinity":67,"f:255:12:255:29":17,"s:255:29:255:42":68,"f:264:16:264:22":18,"s:265:2:265:Infinity":69,"f:265:13:265:22":19,"s:265:34:265:57":70,"f:274:16:274:25":20,"b:275:2:275:Infinity:undefined:undefined:undefined:undefined":22,"s:275:2:275:Infinity":71,"s:275:32:275:Infinity":72,"s:276:2:276:Infinity":73,"f:284:16:284:38":21,"s:285:15:285:Infinity":74,"b:286:2:286:Infinity:undefined:undefined:undefined:undefined":23,"s:286:2:286:Infinity":75,"s:286:17:286:Infinity":76,"b:287:2:287:Infinity:undefined:undefined:undefined:undefined":24,"s:287:2:287:Infinity":77,"s:287:17:287:Infinity":78,"s:288:2:288:Infinity":79},"fnNames":{}}}
,"C:\\Users\\hp\\OneDrive\\Desktop\\EcoSphereAI\\EcoSphere-AI\\src\\lib\\validators.ts": {"path":"C:\\Users\\hp\\OneDrive\\Desktop\\EcoSphereAI\\EcoSphere-AI\\src\\lib\\validators.ts","statementMap":{"0":{"start":{"line":3,"column":34},"end":{"line":7,"column":null}},"1":{"start":{"line":9,"column":27},"end":{"line":12,"column":null}},"2":{"start":{"line":14,"column":30},"end":{"line":19,"column":null}}},"fnMap":{},"branchMap":{},"s":{"0":1,"1":1,"2":1},"f":{},"b":{},"meta":{"lastBranch":0,"lastFunction":0,"lastStatement":3,"seen":{"s:3:34:7:Infinity":0,"s:9:27:12:Infinity":1,"s:14:30:19:Infinity":2},"fnNames":{}}}
}
