TN:
SF:src\actions\auth.ts
FN:24,registerUser
FNF:1
FNH:1
FNDA:4,registerUser
DA:1,1
DA:12,1
DA:25,4
DA:26,4
DA:27,4
DA:29,4
DA:30,1
DA:36,3
DA:39,3
DA:43,2
DA:44,1
DA:48,1
DA:51,1
DA:60,1
DA:62,1
DA:63,1
LF:16
LH:16
BRDA:29,0,0,1
BRDA:29,0,1,3
BRDA:43,1,0,1
BRDA:43,1,1,1
BRF:4
BRH:4
end_of_record
TN:
SF:src\lib\calculator.ts
FN:17,calculateTransportEmissions
FN:33,calculateDietEmissions
FN:48,calculateEnergyEmissions
FN:61,calculateCarbonScore
FNF:4
FNH:4
FNDA:2,calculateTransportEmissions
FNDA:2,calculateDietEmissions
FNDA:2,calculateEnergyEmissions
FNDA:6,calculateCarbonScore
DA:21,2
DA:23,2
DA:38,2
DA:39,2
DA:52,2
DA:53,2
DA:72,6
DA:75,6
DA:76,4
DA:77,1
DA:78,3
DA:79,1
DA:81,2
DA:86,6
DA:87,4
DA:88,3
DA:92,6
DA:93,5
DA:94,1
DA:95,1
DA:96,1
DA:97,2
DA:102,6
DA:103,3
DA:104,1
DA:105,2
DA:106,1
DA:111,6
DA:112,6
DA:115,6
LF:30
LH:30
BRDA:35,0,0,2
BRDA:75,1,0,4
BRDA:75,1,1,2
BRDA:76,2,0,1
BRDA:76,2,1,3
BRDA:78,3,0,1
BRDA:78,3,1,2
BRDA:86,4,0,4
BRDA:86,4,1,2
BRDA:87,5,0,1
BRDA:87,5,1,3
BRDA:88,6,0,2
BRDA:88,6,1,1
BRDA:92,7,0,5
BRDA:92,7,1,1
BRDA:93,8,0,1
BRDA:93,8,1,1
BRDA:93,8,2,1
BRDA:93,8,3,2
BRDA:102,9,0,3
BRDA:102,9,1,3
BRDA:103,10,0,1
BRDA:103,10,1,2
BRDA:103,11,0,3
BRDA:103,11,1,3
BRDA:105,12,0,1
BRDA:105,12,1,1
BRDA:111,13,0,1
BRDA:111,13,1,5
BRDA:112,14,0,1
BRDA:112,14,1,5
BRF:31
BRH:31
end_of_record
TN:
SF:src\lib\gamification.ts
FN:11,calculateXPForAction
FN:19,determineLevel
FNF:2
FNH:2
FNDA:5,calculateXPForAction
FNDA:4,determineLevel
DA:3,1
DA:12,5
DA:13,5
DA:14,2
DA:16,5
DA:20,4
DA:23,4
DA:25,3
DA:26,3
DA:27,3
DA:29,3
DA:30,3
DA:31,3
DA:33,3
LF:14
LH:14
BRDA:11,0,0,5
BRDA:12,1,0,5
BRDA:12,1,1,1
BRDA:13,2,0,2
BRDA:13,2,1,3
BRDA:23,3,0,1
BRDA:23,3,1,3
BRF:7
BRH:7
end_of_record
TN:
SF:src\lib\utils.ts
FN:17,cn
FN:40,formatCarbon
FN:55,formatCarbonShort
FN:67,formatNumber
FN:76,formatCompact
FN:89,formatPercent
FN:99,formatRelativeDate
FN:120,formatDate
FN:133,generateId
FN:142,getInitials
FN:145,(anonymous_10)
FN:158,calculateEcoScore
FN:176,getScoreColor
FN:190,getCategoryInfo
FN:237,clamp
FN:248,debounce
FN:253,(anonymous_16)
FN:255,(anonymous_17)
FN:264,sleep
FN:265,(anonymous_19)
FN:274,truncate
FN:284,getGreeting
FNF:22
FNH:22
FNDA:8,cn
FNDA:4,formatCarbon
FNDA:2,formatCarbonShort
FNDA:2,formatNumber
FNDA:2,formatCompact
FNDA:2,formatPercent
FNDA:6,formatRelativeDate
FNDA:1,formatDate
FNDA:3,generateId
FNDA:3,getInitials
FNDA:6,(anonymous_10)
FNDA:5,calculateEcoScore
FNDA:4,getScoreColor
FNDA:3,getCategoryInfo
FNDA:3,clamp
FNDA:1,debounce
FNDA:3,(anonymous_16)
FNDA:1,(anonymous_17)
FNDA:1,sleep
FNDA:1,(anonymous_19)
FNDA:3,truncate
FNDA:1,getGreeting
DA:18,8
DA:19,8
DA:20,14
DA:21,10
DA:22,7
DA:23,3
DA:24,2
DA:25,1
DA:26,1
DA:27,2
DA:31,8
DA:41,4
DA:42,2
DA:44,2
DA:45,1
DA:47,1
DA:56,2
DA:57,1
DA:59,1
DA:68,2
DA:77,2
DA:90,2
DA:100,6
DA:101,6
DA:102,6
DA:103,6
DA:104,6
DA:105,6
DA:107,6
DA:108,5
DA:109,4
DA:110,3
DA:111,2
DA:112,1
DA:121,1
DA:134,3
DA:143,3
DA:145,6
DA:159,5
DA:160,5
DA:162,5
DA:163,3
DA:165,1
DA:167,1
DA:177,4
DA:178,3
DA:179,2
DA:180,1
DA:181,1
DA:198,3
DA:221,3
DA:238,3
DA:253,1
DA:254,3
DA:255,3
DA:265,1
DA:275,3
DA:276,1
DA:285,1
DA:286,1
DA:287,1
DA:288,1
LF:62
LH:62
BRDA:20,0,0,4
BRDA:20,0,1,10
BRDA:21,1,0,7
BRDA:21,1,1,3
BRDA:21,2,0,10
BRDA:21,2,1,4
BRDA:23,3,0,2
BRDA:23,3,1,1
BRDA:25,4,0,1
BRDA:25,4,1,0
BRDA:27,5,0,1
BRDA:27,5,1,1
BRDA:41,6,0,2
BRDA:41,6,1,2
BRDA:44,7,0,1
BRDA:44,7,1,1
BRDA:56,8,0,1
BRDA:56,8,1,1
BRDA:89,9,0,2
BRDA:107,10,0,1
BRDA:107,10,1,5
BRDA:108,11,0,1
BRDA:108,11,1,4
BRDA:109,12,0,1
BRDA:109,12,1,3
BRDA:110,13,0,1
BRDA:110,13,1,2
BRDA:111,14,0,1
BRDA:111,14,1,1
BRDA:162,15,0,2
BRDA:162,15,1,3
BRDA:163,16,0,2
BRDA:163,16,1,1
BRDA:177,17,0,1
BRDA:177,17,1,3
BRDA:178,18,0,1
BRDA:178,18,1,2
BRDA:179,19,0,1
BRDA:179,19,1,1
BRDA:180,20,0,0
BRDA:180,20,1,1
BRDA:222,21,0,3
BRDA:222,21,1,1
BRDA:275,22,0,2
BRDA:275,22,1,1
BRDA:286,23,0,0
BRDA:286,23,1,1
BRDA:287,24,0,0
BRDA:287,24,1,1
BRF:49
BRH:45
end_of_record
TN:
SF:src\lib\validators.ts
FNF:0
FNH:0
DA:3,1
DA:9,1
DA:14,1
LF:3
LH:3
BRF:0
BRH:0
end_of_record
